<?xml version="1.0" encoding="UTF-8"?>
<!-- Generated by org.testng.reporters.JUnitXMLReporter -->
<testsuite hostname="LAPTOP-CLIP7DDS" ignored="0" name="Test" tests="3" failures="1" timestamp="2021-10-24T15:56:20 IST" time="2.422" errors="0">
  <testcase name="@AfterMethod quitBrowser" time="0.001" classname="BrowserDriver.Browser">
    <failure type="java.lang.NullPointerException">
      <![CDATA[java.lang.NullPointerException
at BrowserDriver.Browser.quitBrowser(Browser.java:106)
at java.util.ArrayList.forEach(ArrayList.java:1257)
... Removed 32 stack frames]]>
    </failure>
  </testcase> <!-- @AfterMethod quitBrowser -->
  <testcase name="@BeforeMethod launchBrowser" time="-1.63507118052E9" classname="BrowserDriver.Browser">
    <skipped/>
  </testcase> <!-- @BeforeMethod launchBrowser -->
  <testcase name="@AfterMethod quitBrowser" time="-1.635071180524E9" classname="BrowserDriver.Browser">
    <skipped/>
  </testcase> <!-- @AfterMethod quitBrowser -->
  <testcase name="@BeforeMethod launchBrowser" time="-1.635071180525E9" classname="BrowserDriver.Browser">
    <skipped/>
  </testcase> <!-- @BeforeMethod launchBrowser -->
  <testcase name="@AfterMethod quitBrowser" time="-1.635071180528E9" classname="BrowserDriver.Browser">
    <skipped/>
  </testcase> <!-- @AfterMethod quitBrowser -->
  <testcase name="CheckTittle" time="0.059" classname="Login.Source">
    <failure type="java.lang.NullPointerException">
      <![CDATA[java.lang.NullPointerException
at Login.Source.CheckTittle(Source.java:44)
at java.util.ArrayList.forEach(ArrayList.java:1257)
... Removed 27 stack frames]]>
    </failure>
  </testcase> <!-- CheckTittle -->
  <testcase name="Login" time="0.0" classname="Login.Source">
    <skipped/>
  </testcase> <!-- Login -->
  <testcase name="Search" time="0.0" classname="Login.Source">
    <skipped/>
  </testcase> <!-- Search -->
</testsuite> <!-- Test -->
